<?xml version="1.0" encoding="UTF-8"?>
<!-- Generated by org.testng.reporters.JUnitReportReporter -->
<testsuite hostname="Ranjeeths-MacBook-Pro.local" failures="0" tests="1" name="com.crm.qa.testSuites.RegistrationPageTest" time="9.382" errors="0" timestamp="05 Jun 2018 09:11:38 GMT" skipped="0">
  <testcase classname="com.crm.qa.testSuites.RegistrationPageTest" name="registerCRMUser" time="9.382"/>
</testsuite> <!-- com.crm.qa.testSuites.RegistrationPageTest -->
