<?xml version="1.0" encoding="UTF-8"?>
<!-- Generated by org.testng.reporters.JUnitReportReporter -->
<testsuite hostname="Ranjeeths-MacBook-Pro.local" failures="0" tests="2" name="com.crm.qa.testSuites.LoginPageTest" time="19.913" errors="0" timestamp="15 Jun 2018 08:21:08 GMT" skipped="0">
  <testcase classname="com.crm.qa.testSuites.LoginPageTest" name="loginTest" time="14.503"/>
  <testcase classname="com.crm.qa.testSuites.LoginPageTest" name="validateLoginpageTitle" time="5.410"/>
</testsuite> <!-- com.crm.qa.testSuites.LoginPageTest -->
