<?xml version="1.0" encoding="UTF-8"?>
<!-- Generated by org.testng.reporters.JUnitReportReporter -->
<testsuite hostname="Ranjeeths-MacBook-Pro.local" failures="0" tests="4" name="com.crm.qa.testSuites.ContactsPageTest" time="50.425" errors="0" timestamp="15 Jun 2018 08:21:08 GMT" skipped="0">
  <testcase classname="com.crm.qa.testSuites.ContactsPageTest" name="enterName" time="9.778"/>
  <testcase classname="com.crm.qa.testSuites.ContactsPageTest" name="enterNewContactList" time="14.160"/>
  <testcase classname="com.crm.qa.testSuites.ContactsPageTest" name="enterNewContactList" time="11.446"/>
  <testcase classname="com.crm.qa.testSuites.ContactsPageTest" name="enterNewContactList" time="15.041"/>
</testsuite> <!-- com.crm.qa.testSuites.ContactsPageTest -->
